<?xml version="1.0" encoding="UTF-8" ?>
<testsuite tests="5" failures="0" name="MathLibraryTest" time="0.009" errors="0" skipped="0">
  <properties>
[...]
</properties>
  <testcase classname="MathLibraryTest" name="testMinus" time="0.008"/>
  <testcase classname="MathLibraryTest" name="testPlus" time="0"/>
  <testcase classname="MathLibraryTest" name="testDivide" time="0.001"/>
  <testcase classname="MathLibraryTest" name="testMultiply" time="0"/>
  <testcase classname="MathLibraryTest" name="testPlusWithManyComponents" time="0"/>
</testsuite>